<?xml version="1.0" encoding="UTF-8"?>
<!-- Generated by org.testng.reporters.JUnitReportReporter -->
<testsuite skipped="0" hostname="DESKTOP-2NMONGR" name="com.crb.tests.Tc_SignIn_002" tests="1" failures="0" timestamp="22 Jun 2020 00:11:06 GMT" time="10.315" errors="0">
  <testcase name="signUpPageTitleTest" time="10.315" classname="com.crb.tests.Tc_SignIn_002"/>
</testsuite> <!-- com.crb.tests.Tc_SignIn_002 -->
